2024-03-21 23:11:02 0 [Note] Starting MariaDB 10.4.32-MariaDB source revision c4143f909528e3fab0677a28631d10389354c491 as process 6956
2024-03-21 23:11:02 0 [Note] InnoDB: Mutexes and rw_locks use Windows interlocked functions
2024-03-21 23:11:02 0 [Note] InnoDB: Uses event mutexes
2024-03-21 23:11:02 0 [Note] InnoDB: Compressed tables use zlib 1.3
2024-03-21 23:11:02 0 [Note] InnoDB: Number of pools: 1
2024-03-21 23:11:02 0 [Note] InnoDB: Using SSE2 crc32 instructions
2024-03-21 23:11:02 0 [Note] InnoDB: Initializing buffer pool, total size = 16M, instances = 1, chunk size = 16M
2024-03-21 23:11:02 0 [Note] InnoDB: Completed initialization of buffer pool
2024-03-21 23:11:02 0 [Note] InnoDB: Starting crash recovery from checkpoint LSN=300288
2024-03-21 23:11:02 0 [Note] InnoDB: 128 out of 128 rollback segments are active.
2024-03-21 23:11:02 0 [Note] InnoDB: Removed temporary tablespace data file: "ibtmp1"
2024-03-21 23:11:02 0 [Note] InnoDB: Creating shared tablespace for temporary tables
2024-03-21 23:11:03 0 [Note] InnoDB: Setting file 'C:\xampp\mysql\data\ibtmp1' size to 12 MB. Physically writing the file full; Please wait ...
2024-03-21 23:11:03 0 [Note] InnoDB: File 'C:\xampp\mysql\data\ibtmp1' size is now 12 MB.
2024-03-21 23:11:03 0 [Note] InnoDB: Waiting for purge to start
2024-03-21 23:11:03 0 [Note] InnoDB: 10.4.32 started; log sequence number 300297; transaction id 170
2024-03-21 23:11:03 0 [Note] InnoDB: Loading buffer pool(s) from C:\xampp\mysql\data\ib_buffer_pool
2024-03-21 23:11:03 0 [Note] Plugin 'FEEDBACK' is disabled.
2024-03-21 23:11:03 0 [Note] InnoDB: Buffer pool(s) load completed at 240321 23:11:03
2024-03-21 23:11:03 0 [Note] Server socket created on IP: '::'.
2024-03-21 23:24:31 0 [Note] Starting MariaDB 10.4.32-MariaDB source revision c4143f909528e3fab0677a28631d10389354c491 as process 6480
2024-03-21 23:24:31 0 [Note] InnoDB: Mutexes and rw_locks use Windows interlocked functions
2024-03-21 23:24:31 0 [Note] InnoDB: Uses event mutexes
2024-03-21 23:24:31 0 [Note] InnoDB: Compressed tables use zlib 1.3
2024-03-21 23:24:31 0 [Note] InnoDB: Number of pools: 1
2024-03-21 23:24:31 0 [Note] InnoDB: Using SSE2 crc32 instructions
2024-03-21 23:24:31 0 [Note] InnoDB: Initializing buffer pool, total size = 16M, instances = 1, chunk size = 16M
2024-03-21 23:24:31 0 [Note] InnoDB: Completed initialization of buffer pool
2024-03-21 23:24:31 0 [Note] InnoDB: Starting crash recovery from checkpoint LSN=303783
2024-03-21 23:24:31 0 [Note] InnoDB: 128 out of 128 rollback segments are active.
2024-03-21 23:24:31 0 [Note] InnoDB: Removed temporary tablespace data file: "ibtmp1"
2024-03-21 23:24:31 0 [Note] InnoDB: Creating shared tablespace for temporary tables
2024-03-21 23:24:31 0 [Note] InnoDB: Setting file 'C:\xampp\mysql\data\ibtmp1' size to 12 MB. Physically writing the file full; Please wait ...
2024-03-21 23:24:31 0 [Note] InnoDB: File 'C:\xampp\mysql\data\ibtmp1' size is now 12 MB.
2024-03-21 23:24:31 0 [Note] InnoDB: Waiting for purge to start
2024-03-21 23:24:31 0 [Note] InnoDB: 10.4.32 started; log sequence number 303792; transaction id 193
2024-03-21 23:24:31 0 [Note] InnoDB: Loading buffer pool(s) from C:\xampp\mysql\data\ib_buffer_pool
2024-03-21 23:24:31 0 [Note] Plugin 'FEEDBACK' is disabled.
2024-03-21 23:24:31 0 [Note] Server socket created on IP: '::'.
2024-03-22 12:08:28 0 [Note] Starting MariaDB 10.4.32-MariaDB source revision c4143f909528e3fab0677a28631d10389354c491 as process 1668
2024-03-22 12:08:28 0 [Note] InnoDB: Mutexes and rw_locks use Windows interlocked functions
2024-03-22 12:08:28 0 [Note] InnoDB: Uses event mutexes
2024-03-22 12:08:28 0 [Note] InnoDB: Compressed tables use zlib 1.3
2024-03-22 12:08:28 0 [Note] InnoDB: Number of pools: 1
2024-03-22 12:08:28 0 [Note] InnoDB: Using SSE2 crc32 instructions
2024-03-22 12:08:28 0 [Note] InnoDB: Initializing buffer pool, total size = 16M, instances = 1, chunk size = 16M
2024-03-22 12:08:28 0 [Note] InnoDB: Completed initialization of buffer pool
2024-03-22 12:08:28 0 [Note] InnoDB: Starting crash recovery from checkpoint LSN=309346
2024-03-22 12:08:29 0 [Note] InnoDB: 128 out of 128 rollback segments are active.
2024-03-22 12:08:29 0 [Note] InnoDB: Removed temporary tablespace data file: "ibtmp1"
2024-03-22 12:08:29 0 [Note] InnoDB: Creating shared tablespace for temporary tables
2024-03-22 12:08:29 0 [Note] InnoDB: Setting file 'C:\xampp\mysql\data\ibtmp1' size to 12 MB. Physically writing the file full; Please wait ...
2024-03-22 12:08:29 0 [Note] InnoDB: File 'C:\xampp\mysql\data\ibtmp1' size is now 12 MB.
2024-03-22 12:08:29 0 [Note] InnoDB: Waiting for purge to start
2024-03-22 12:08:29 0 [Note] InnoDB: 10.4.32 started; log sequence number 309355; transaction id 228
2024-03-22 12:08:29 0 [Note] InnoDB: Loading buffer pool(s) from C:\xampp\mysql\data\ib_buffer_pool
2024-03-22 12:08:29 0 [Note] Plugin 'FEEDBACK' is disabled.
2024-03-22 12:08:29 0 [Note] InnoDB: Buffer pool(s) load completed at 240322 12:08:29
2024-03-22 12:08:29 0 [Note] Server socket created on IP: '::'.
2024-03-22 21:47:59 0 [Note] Starting MariaDB 10.4.32-MariaDB source revision c4143f909528e3fab0677a28631d10389354c491 as process 8548
2024-03-22 21:48:01 0 [Note] Starting MariaDB 10.4.32-MariaDB source revision c4143f909528e3fab0677a28631d10389354c491 as process 9052
2024-03-22 21:48:01 0 [Note] InnoDB: Mutexes and rw_locks use Windows interlocked functions
2024-03-22 21:48:01 0 [Note] InnoDB: Uses event mutexes
2024-03-22 21:48:01 0 [Note] InnoDB: Compressed tables use zlib 1.3
2024-03-22 21:48:01 0 [Note] InnoDB: Number of pools: 1
2024-03-22 21:48:01 0 [Note] InnoDB: Using SSE2 crc32 instructions
2024-03-22 21:48:01 0 [Note] InnoDB: Initializing buffer pool, total size = 16M, instances = 1, chunk size = 16M
2024-03-22 21:48:01 0 [Note] InnoDB: Completed initialization of buffer pool
2024-03-22 21:48:01 0 [Note] InnoDB: Starting crash recovery from checkpoint LSN=445688
2024-03-22 21:48:02 0 [Note] InnoDB: 128 out of 128 rollback segments are active.
2024-03-22 21:48:02 0 [Note] InnoDB: Removed temporary tablespace data file: "ibtmp1"
2024-03-22 21:48:02 0 [Note] InnoDB: Creating shared tablespace for temporary tables
2024-03-22 21:48:02 0 [Note] InnoDB: Setting file 'C:\xampp\mysql\data\ibtmp1' size to 12 MB. Physically writing the file full; Please wait ...
2024-03-22 21:48:02 0 [Note] InnoDB: File 'C:\xampp\mysql\data\ibtmp1' size is now 12 MB.
2024-03-22 21:48:02 0 [Note] InnoDB: Waiting for purge to start
2024-03-22 21:48:02 0 [Note] InnoDB: 10.4.32 started; log sequence number 445697; transaction id 520
2024-03-22 21:48:02 0 [Note] InnoDB: Loading buffer pool(s) from C:\xampp\mysql\data\ib_buffer_pool
2024-03-22 21:48:02 0 [Note] Plugin 'FEEDBACK' is disabled.
2024-03-22 21:48:02 0 [Note] InnoDB: Buffer pool(s) load completed at 240322 21:48:02
2024-03-22 21:48:02 0 [Note] Server socket created on IP: '::'.
2024-03-23 11:35:05 0 [Note] Starting MariaDB 10.4.32-MariaDB source revision c4143f909528e3fab0677a28631d10389354c491 as process 12496
2024-03-23 11:35:05 0 [Note] InnoDB: Mutexes and rw_locks use Windows interlocked functions
2024-03-23 11:35:05 0 [Note] InnoDB: Uses event mutexes
2024-03-23 11:35:05 0 [Note] InnoDB: Compressed tables use zlib 1.3
2024-03-23 11:35:05 0 [Note] InnoDB: Number of pools: 1
2024-03-23 11:35:05 0 [Note] InnoDB: Using SSE2 crc32 instructions
2024-03-23 11:35:05 0 [Note] InnoDB: Initializing buffer pool, total size = 16M, instances = 1, chunk size = 16M
2024-03-23 11:35:05 0 [Note] InnoDB: Completed initialization of buffer pool
2024-03-23 11:35:05 0 [Note] InnoDB: Starting crash recovery from checkpoint LSN=445706
2024-03-23 11:35:05 0 [Note] InnoDB: 128 out of 128 rollback segments are active.
2024-03-23 11:35:05 0 [Note] InnoDB: Removed temporary tablespace data file: "ibtmp1"
2024-03-23 11:35:05 0 [Note] InnoDB: Creating shared tablespace for temporary tables
2024-03-23 11:35:05 0 [Note] InnoDB: Setting file 'C:\xampp\mysql\data\ibtmp1' size to 12 MB. Physically writing the file full; Please wait ...
2024-03-23 11:35:05 0 [Note] InnoDB: File 'C:\xampp\mysql\data\ibtmp1' size is now 12 MB.
2024-03-23 11:35:05 0 [Note] InnoDB: Waiting for purge to start
2024-03-23 11:35:05 0 [Note] InnoDB: 10.4.32 started; log sequence number 445715; transaction id 520
2024-03-23 11:35:05 0 [Note] InnoDB: Loading buffer pool(s) from C:\xampp\mysql\data\ib_buffer_pool
2024-03-23 11:35:05 0 [Note] Plugin 'FEEDBACK' is disabled.
2024-03-23 11:35:05 0 [Note] InnoDB: Buffer pool(s) load completed at 240323 11:35:05
2024-03-23 11:35:05 0 [Note] Server socket created on IP: '::'.
